object TprTxReport
  DesignerFormMode = fmMDIChild
  PreviewFormMode = fmMDIChild
  FromPage = 1
  ToPage = 1
  Values = <
    item
      Name = 'topla'
      Formula = 'qryFaturaD.TUTAR_VPB'
      ResetOn = rvtPage
      CalcOn = cvtDataSetNext
      DataSetName = 'qryFaturaD'
      Accumulate = True
    end
    item
      Name = 'cikar'
      Formula = 'qryFaturaD.TUTAR_VPB'
      ResetOn = rvtPage
      CalcOn = cvtDataSetNext
      DataSetName = 'qryFaturaD'
    end>
  Variables = <
    item
      Name = 'esers'
      ValueType = 'prvvtString'
      Value = 'tttttttttttttttttttt'
    end>
  PrinterName = 'IBM Proprinter III'
  ESCModelName = 'Epson printers'
  RecodeTableName = 'Auto_857_to_1254'
  WrapAfterColumn = 0
  EjectPageAfterPrint = False
  LinesOnPage = 10
  FromLine = 1
  ToLine = 54
  Left = 330
  Top = 72
  SystemInfo = (
    'OS: WIN32_NT 5.1.2600 Service Pack 2'
    ''
    'PageSize: 4096'
    'ActiveProcessorMask: $1000'
    'NumberOfProcessors: 1'
    'ProcessorType: 586'
    ''
    'Compiler version: Delphi7'
    'PReport version: 1.9.6')
  object prTxPage1: TprTxPage
    PageType = tptPage
    LineNum = 60
    ColNum = 80
    DefTxFontStyleEx = tfsNormal
    object prTxHDetailBand2: TprTxHDetailBand
      Height = 1
      DataSetName = 'qryFaturaD'
      object prTxMemoObj2: TprTxMemoObj
        dRec.Versions = <
          item
            Visible = True
            Memo.Strings = (
              '[qryFaturaD.ACIKLAMA]')
            DeleteEmptyLinesAtEnd = False
            DeleteEmptyLines = False
            CanResizeX = False
            CanResizeY = False
            hAlign = prhLeft
            vAlign = prvTop
            DefaultFont = False
            WordWrap = False
          end>
        dRec.Left = 6
        dRec.Top = 0
        dRec.Right = 53
        dRec.Bottom = 1
      end
      object prTxMemoObj25: TprTxMemoObj
        dRec.Versions = <
          item
            Formula = 'qryFaturaD.IsZeroField(qryFaturaD.TUTAR_VPB)'
            Visible = True
            Memo.Strings = (
              '[:<#,#.00>qryFaturaD.TUTAR_VPB]'
              '')
            DeleteEmptyLinesAtEnd = True
            DeleteEmptyLines = True
            CanResizeX = False
            CanResizeY = False
            hAlign = prhRight
            vAlign = prvTop
            DefaultFont = False
            WordWrap = False
          end
          item
            Visible = True
            Memo.Strings = (
              '[:<#.#,#>qryFaturaD.TUTAR_VPB]')
            DeleteEmptyLinesAtEnd = False
            DeleteEmptyLines = False
            CanResizeX = False
            CanResizeY = False
            hAlign = prhRight
            vAlign = prvTop
            DefaultFont = False
            WordWrap = False
          end
          item
            Visible = True
            Memo.Strings = (
              '[:<#.##>qryFaturaD.TUTAR_VPB]')
            DeleteEmptyLinesAtEnd = False
            DeleteEmptyLines = False
            CanResizeX = False
            CanResizeY = False
            hAlign = prhRight
            vAlign = prvTop
            DefaultFont = False
            WordWrap = False
          end>
        dRec.Left = 66
        dRec.Top = 0
        dRec.Right = 78
        dRec.Bottom = 1
      end
      object prTxMemoObj18: TprTxMemoObj
        dRec.Versions = <
          item
            Visible = True
            Memo.Strings = (
              '[:<#.#,#>qryFaturaD.MIKTAR]')
            DeleteEmptyLinesAtEnd = False
            DeleteEmptyLines = False
            CanResizeX = False
            CanResizeY = False
            hAlign = prhRight
            vAlign = prvTop
            DefaultFont = False
            WordWrap = False
          end>
        dRec.Left = 55
        dRec.Top = 0
        dRec.Right = 65
        dRec.Bottom = 1
      end
    end
    object prTxHTitleBand1: TprTxHTitleBand
      Height = 26
      object prTxMemoObj9: TprTxMemoObj
        dRec.Versions = <
          item
            Visible = True
            Memo.Strings = (
              '[qryCari.CARI_AD]'
              '[qryCari.ADRES_1]'
              '[qryCari.ADRES_2]'
              '[qryCari.ILCE]-[qryCari.SEHIR]')
            DeleteEmptyLinesAtEnd = False
            DeleteEmptyLines = False
            CanResizeX = True
            CanResizeY = True
            hAlign = prhLeft
            vAlign = prvTop
            DefaultFont = False
            WordWrap = True
          end>
        dRec.Left = 5
        dRec.Top = 16
        dRec.Right = 35
        dRec.Bottom = 20
      end
      object prTxMemoObj14: TprTxMemoObj
        dRec.Versions = <
          item
            Visible = True
            Memo.Strings = (
              '[qryCari.VERDAIRE]')
            DeleteEmptyLinesAtEnd = False
            DeleteEmptyLines = False
            CanResizeX = False
            CanResizeY = False
            hAlign = prhLeft
            vAlign = prvTop
            DefaultFont = False
            WordWrap = False
          end>
        dRec.Left = 11
        dRec.Top = 21
        dRec.Right = 24
        dRec.Bottom = 22
      end
      object prTxMemoObj15: TprTxMemoObj
        dRec.Versions = <
          item
            Visible = True
            Memo.Strings = (
              '[qryCari.VERNO]')
            DeleteEmptyLinesAtEnd = False
            DeleteEmptyLines = False
            CanResizeX = False
            CanResizeY = False
            hAlign = prhLeft
            vAlign = prvTop
            DefaultFont = False
            WordWrap = False
          end>
        dRec.Left = 24
        dRec.Top = 21
        dRec.Right = 38
        dRec.Bottom = 22
      end
      object prTxMemoObj4: TprTxMemoObj
        dRec.Versions = <
          item
            Visible = True
            Memo.Strings = (
              '[qryFatura.TARIH]')
            DeleteEmptyLinesAtEnd = False
            DeleteEmptyLines = False
            CanResizeX = False
            CanResizeY = False
            hAlign = prhLeft
            vAlign = prvTop
            DefaultFont = False
            WordWrap = False
          end>
        dRec.Left = 62
        dRec.Top = 23
        dRec.Right = 78
        dRec.Bottom = 24
      end
    end
    object prTxHPageFooterBand1: TprTxHPageFooterBand
      Height = 8
      PrintOnFirstPage = True
      object prTxMemoObj5: TprTxMemoObj
        dRec.Versions = <
          item
            Visible = True
            Memo.Strings = (
              'TOPLAM')
            DeleteEmptyLinesAtEnd = False
            DeleteEmptyLines = False
            CanResizeX = False
            CanResizeY = False
            hAlign = prhLeft
            vAlign = prvTop
            DefaultFont = False
            WordWrap = False
          end>
        dRec.Left = 5
        dRec.Top = 5
        dRec.Right = 12
        dRec.Bottom = 6
      end
      object prTxMemoObj8: TprTxMemoObj
        dRec.Versions = <
          item
            Visible = True
            Memo.Strings = (
              'YALNIZ [qryFatura.GTYAZILE]')
            DeleteEmptyLinesAtEnd = False
            DeleteEmptyLines = False
            CanResizeX = True
            CanResizeY = True
            hAlign = prhLeft
            vAlign = prvTop
            DefaultFont = False
            WordWrap = True
          end>
        dRec.Left = 1
        dRec.Top = 0
        dRec.Right = 44
        dRec.Bottom = 2
      end
      object prTxMemoObj10: TprTxMemoObj
        dRec.Versions = <
          item
            Visible = True
            Memo.Strings = (
              'KDV')
            DeleteEmptyLinesAtEnd = False
            DeleteEmptyLines = False
            CanResizeX = False
            CanResizeY = False
            hAlign = prhLeft
            vAlign = prvTop
            DefaultFont = False
            WordWrap = False
          end>
        dRec.Left = 5
        dRec.Top = 4
        dRec.Right = 12
        dRec.Bottom = 5
      end
      object prTxMemoObj11: TprTxMemoObj
        dRec.Versions = <
          item
            Visible = True
            Memo.Strings = (
              '[:<#.#,0>qryFatura.GENEL_TOP]'
              ''
              '')
            DeleteEmptyLinesAtEnd = False
            DeleteEmptyLines = False
            CanResizeX = False
            CanResizeY = False
            hAlign = prhRight
            vAlign = prvTop
            DefaultFont = False
            WordWrap = False
          end>
        dRec.Left = 59
        dRec.Top = 5
        dRec.Right = 78
        dRec.Bottom = 6
      end
      object prTxMemoObj12: TprTxMemoObj
        dRec.Versions = <
          item
            Visible = True
            Memo.Strings = (
              '[:<#.#,0>qryFatura.KDV_TOP]'
              ''
              '')
            DeleteEmptyLinesAtEnd = False
            DeleteEmptyLines = False
            CanResizeX = False
            CanResizeY = False
            hAlign = prhRight
            vAlign = prvTop
            DefaultFont = False
            WordWrap = False
          end>
        dRec.Left = 59
        dRec.Top = 4
        dRec.Right = 78
        dRec.Bottom = 5
      end
      object prTxMemoObj1: TprTxMemoObj
        dRec.Versions = <
          item
            Visible = True
            Memo.Strings = (
              '[:<#.#,0>qryFatura.NET_TOP]'
              ''
              '')
            DeleteEmptyLinesAtEnd = False
            DeleteEmptyLines = False
            CanResizeX = False
            CanResizeY = False
            hAlign = prhRight
            vAlign = prvTop
            DefaultFont = False
            WordWrap = False
          end>
        dRec.Left = 59
        dRec.Top = 3
        dRec.Right = 78
        dRec.Bottom = 4
      end
      object prTxMemoObj3: TprTxMemoObj
        dRec.Versions = <
          item
            Visible = True
            DeleteEmptyLinesAtEnd = False
            DeleteEmptyLines = False
            CanResizeX = False
            CanResizeY = False
            hAlign = prhLeft
            vAlign = prvTop
            DefaultFont = False
            WordWrap = False
          end>
        dRec.Left = 5
        dRec.Top = 3
        dRec.Right = 12
        dRec.Bottom = 4
      end
      object prTxMemoObj6: TprTxMemoObj
        dRec.Versions = <
          item
            Visible = True
            Memo.Strings = (
              '%[:<#.#,#>qryFatura.KDV1_ORAN]'
              ''
              '')
            DeleteEmptyLinesAtEnd = False
            DeleteEmptyLines = False
            CanResizeX = False
            CanResizeY = False
            hAlign = prhRight
            vAlign = prvTop
            DefaultFont = False
            WordWrap = False
          end>
        dRec.Left = 52
        dRec.Top = 4
        dRec.Right = 57
        dRec.Bottom = 5
      end
    end
  end
end
